2023-12-19 04:12:821 INFO  StartPage :21 - Clicking on start button : [[ChromeDriver: chrome on windows (e7087a611a5daec064fbae2bf7f72ec0)] -> css selector: .gem-c-button.govuk-button.govuk-button--start]
2023-12-19 04:12:109 INFO  StartPage :21 - Clicking on start button : [[ChromeDriver: chrome on windows (b491a301d6125b5e4ca9ffab909df623)] -> css selector: .gem-c-button.govuk-button.govuk-button--start]
2023-12-19 04:12:434 INFO  StartPage :21 - Clicking on start button : [[ChromeDriver: chrome on windows (e1097fcde1f93f33f69473c789a3a764)] -> css selector: .gem-c-button.govuk-button.govuk-button--start]
2023-12-19 04:12:544 INFO  SelectNationalityPage :24 - select nationality : Chilefrom drop down menu[[ChromeDriver: chrome on windows (e1097fcde1f93f33f69473c789a3a764)] -> id: response]
2023-12-19 04:12:760 INFO  SelectNationalityPage :29 - Clicking on continue button : [[ChromeDriver: chrome on windows (e1097fcde1f93f33f69473c789a3a764)] -> xpath: (//button[normalize-space()='Continue'])[1]]
2023-12-19 04:12:917 INFO  ReasonForTravelPage :43 - Clicking on reason : [[ChromeDriver: chrome on windows (e1097fcde1f93f33f69473c789a3a764)] -> id: response-1]
2023-12-19 04:12:135 INFO  ReasonForTravelPage :38 - Clicking on continue Button : [[ChromeDriver: chrome on windows (e1097fcde1f93f33f69473c789a3a764)] -> xpath: //button[normalize-space()='Continue']]
2023-12-19 04:12:309 INFO  DurationOfStayPage :23 - Clicking on duration : [[ChromeDriver: chrome on windows (e1097fcde1f93f33f69473c789a3a764)] -> id: response-1]
2023-12-19 04:12:492 INFO  DurationOfStayPage :28 - Clicking on continue Button : [[ChromeDriver: chrome on windows (e1097fcde1f93f33f69473c789a3a764)] -> xpath: //button[normalize-space()='Continue']]
2023-12-19 04:12:664 INFO  WorkTypePage :24 - Clicking on work : [[ChromeDriver: chrome on windows (e1097fcde1f93f33f69473c789a3a764)] -> id: response-0]
2023-12-19 04:12:915 INFO  WorkTypePage :29 - Clicking on continue button : [[ChromeDriver: chrome on windows (e1097fcde1f93f33f69473c789a3a764)] -> xpath: //button[normalize-space()='Continue']]
2023-12-19 04:12:948 INFO  ResultPage :34 - Verifying the result: [[ChromeDriver: chrome on windows (e1097fcde1f93f33f69473c789a3a764)] -> xpath: //h2[normalize-space()='You need a visa to work in health and care']]
2023-12-19 04:12:128 INFO  StartPage :21 - Clicking on start button : [[ChromeDriver: chrome on windows (99f9c8a027e8baffb0b30dd569f73013)] -> css selector: .gem-c-button.govuk-button.govuk-button--start]
2023-12-19 04:12:237 INFO  SelectNationalityPage :24 - select nationality : Australiafrom drop down menu[[ChromeDriver: chrome on windows (99f9c8a027e8baffb0b30dd569f73013)] -> id: response]
2023-12-19 04:12:465 INFO  SelectNationalityPage :29 - Clicking on continue button : [[ChromeDriver: chrome on windows (99f9c8a027e8baffb0b30dd569f73013)] -> xpath: (//button[normalize-space()='Continue'])[1]]
2023-12-19 04:12:640 INFO  ReasonForTravelPage :33 - Clicking on reason : [[ChromeDriver: chrome on windows (99f9c8a027e8baffb0b30dd569f73013)] -> id: response-0]
2023-12-19 04:12:901 INFO  ReasonForTravelPage :38 - Clicking on continue Button : [[ChromeDriver: chrome on windows (99f9c8a027e8baffb0b30dd569f73013)] -> xpath: //button[normalize-space()='Continue']]
2023-12-19 04:12:949 INFO  ResultPage :28 - Verifying the text: [[ChromeDriver: chrome on windows (99f9c8a027e8baffb0b30dd569f73013)] -> xpath: //h2[normalize-space()='You will not need a visa to come to the UK']]
2023-12-19 04:12:222 INFO  StartPage :21 - Clicking on start button : [[ChromeDriver: chrome on windows (b77be68acfd4a0977bd0e5584440a6db)] -> css selector: .gem-c-button.govuk-button.govuk-button--start]
2023-12-19 04:12:326 INFO  SelectNationalityPage :24 - select nationality : Cambodiafrom drop down menu[[ChromeDriver: chrome on windows (b77be68acfd4a0977bd0e5584440a6db)] -> id: response]
2023-12-19 04:12:592 INFO  SelectNationalityPage :29 - Clicking on continue button : [[ChromeDriver: chrome on windows (b77be68acfd4a0977bd0e5584440a6db)] -> xpath: (//button[normalize-space()='Continue'])[1]]
2023-12-19 04:12:751 INFO  ReasonForTravelPage :49 - Clicking on reason : [[ChromeDriver: chrome on windows (b77be68acfd4a0977bd0e5584440a6db)] -> id: response-4]
2023-12-19 04:12:929 INFO  ReasonForTravelPage :38 - Clicking on continue Button : [[ChromeDriver: chrome on windows (b77be68acfd4a0977bd0e5584440a6db)] -> xpath: //button[normalize-space()='Continue']]
2023-12-19 04:12:130 INFO  FamilyImmigrationStatusPage :23 - Clicking on yes : [[ChromeDriver: chrome on windows (b77be68acfd4a0977bd0e5584440a6db)] -> id: response-0]
2023-12-19 04:12:361 INFO  FamilyImmigrationStatusPage :28 - Clicking on continue button : [[ChromeDriver: chrome on windows (b77be68acfd4a0977bd0e5584440a6db)] -> xpath: //button[normalize-space()='Continue']]
2023-12-19 04:12:396 INFO  ResultPage :41 - Verifying the result: [[ChromeDriver: chrome on windows (b77be68acfd4a0977bd0e5584440a6db)] -> xpath: //h2[contains(text(),'You’ll need a visa to join your family or partner ')]]
2023-12-19 04:12:676 INFO  StartPage :21 - Clicking on start button : [[ChromeDriver: chrome on windows (b7d21db37926e18e0a9ab8133ad7ebfa)] -> css selector: .gem-c-button.govuk-button.govuk-button--start]
2023-12-19 04:12:586 INFO  StartPage :21 - Clicking on start button : [[ChromeDriver: chrome on windows (5841293268b02a5b8a4a37c1da510570)] -> css selector: .gem-c-button.govuk-button.govuk-button--start]
2023-12-19 04:12:675 INFO  SelectNationalityPage :24 - select nationality : Australiafrom drop down menu[[ChromeDriver: chrome on windows (5841293268b02a5b8a4a37c1da510570)] -> id: response]
2023-12-19 04:12:842 INFO  SelectNationalityPage :29 - Clicking on continue button : [[ChromeDriver: chrome on windows (5841293268b02a5b8a4a37c1da510570)] -> xpath: (//button[normalize-space()='Continue'])[1]]
2023-12-19 04:12:60 INFO  ReasonForTravelPage :33 - Clicking on reason : [[ChromeDriver: chrome on windows (5841293268b02a5b8a4a37c1da510570)] -> id: response-0]
2023-12-19 04:12:257 INFO  ReasonForTravelPage :38 - Clicking on continue Button : [[ChromeDriver: chrome on windows (5841293268b02a5b8a4a37c1da510570)] -> xpath: //button[normalize-space()='Continue']]
2023-12-19 04:12:353 INFO  ResultPage :28 - Verifying the text: [[ChromeDriver: chrome on windows (5841293268b02a5b8a4a37c1da510570)] -> xpath: //h2[normalize-space()='You will not need a visa to come to the UK']]
2023-12-19 04:12:151 INFO  StartPage :21 - Clicking on start button : [[ChromeDriver: chrome on windows (c9a320e882c1df774948c29018a3db13)] -> css selector: .gem-c-button.govuk-button.govuk-button--start]
2023-12-19 04:12:237 INFO  SelectNationalityPage :24 - select nationality : Chilefrom drop down menu[[ChromeDriver: chrome on windows (c9a320e882c1df774948c29018a3db13)] -> id: response]
2023-12-19 04:12:440 INFO  SelectNationalityPage :29 - Clicking on continue button : [[ChromeDriver: chrome on windows (c9a320e882c1df774948c29018a3db13)] -> xpath: (//button[normalize-space()='Continue'])[1]]
2023-12-19 04:12:577 INFO  ReasonForTravelPage :43 - Clicking on reason : [[ChromeDriver: chrome on windows (c9a320e882c1df774948c29018a3db13)] -> id: response-1]
2023-12-19 04:12:793 INFO  ReasonForTravelPage :38 - Clicking on continue Button : [[ChromeDriver: chrome on windows (c9a320e882c1df774948c29018a3db13)] -> xpath: //button[normalize-space()='Continue']]
2023-12-19 04:12:956 INFO  DurationOfStayPage :23 - Clicking on duration : [[ChromeDriver: chrome on windows (c9a320e882c1df774948c29018a3db13)] -> id: response-1]
2023-12-19 04:12:163 INFO  DurationOfStayPage :28 - Clicking on continue Button : [[ChromeDriver: chrome on windows (c9a320e882c1df774948c29018a3db13)] -> xpath: //button[normalize-space()='Continue']]
2023-12-19 04:12:324 INFO  WorkTypePage :24 - Clicking on work : [[ChromeDriver: chrome on windows (c9a320e882c1df774948c29018a3db13)] -> id: response-0]
2023-12-19 04:12:576 INFO  WorkTypePage :29 - Clicking on continue button : [[ChromeDriver: chrome on windows (c9a320e882c1df774948c29018a3db13)] -> xpath: //button[normalize-space()='Continue']]
2023-12-19 04:12:604 INFO  ResultPage :34 - Verifying the result: [[ChromeDriver: chrome on windows (c9a320e882c1df774948c29018a3db13)] -> xpath: //h2[normalize-space()='You need a visa to work in health and care']]
2023-12-19 04:12:410 INFO  StartPage :21 - Clicking on start button : [[ChromeDriver: chrome on windows (d7c2c8418c8f1900dddfc127487b9654)] -> css selector: .gem-c-button.govuk-button.govuk-button--start]
2023-12-19 04:12:534 INFO  SelectNationalityPage :24 - select nationality : Cambodiafrom drop down menu[[ChromeDriver: chrome on windows (d7c2c8418c8f1900dddfc127487b9654)] -> id: response]
2023-12-19 04:12:788 INFO  SelectNationalityPage :29 - Clicking on continue button : [[ChromeDriver: chrome on windows (d7c2c8418c8f1900dddfc127487b9654)] -> xpath: (//button[normalize-space()='Continue'])[1]]
2023-12-19 04:12:949 INFO  ReasonForTravelPage :49 - Clicking on reason : [[ChromeDriver: chrome on windows (d7c2c8418c8f1900dddfc127487b9654)] -> id: response-4]
2023-12-19 04:12:203 INFO  ReasonForTravelPage :38 - Clicking on continue Button : [[ChromeDriver: chrome on windows (d7c2c8418c8f1900dddfc127487b9654)] -> xpath: //button[normalize-space()='Continue']]
2023-12-19 04:12:372 INFO  FamilyImmigrationStatusPage :23 - Clicking on yes : [[ChromeDriver: chrome on windows (d7c2c8418c8f1900dddfc127487b9654)] -> id: response-0]
2023-12-19 04:12:571 INFO  FamilyImmigrationStatusPage :28 - Clicking on continue button : [[ChromeDriver: chrome on windows (d7c2c8418c8f1900dddfc127487b9654)] -> xpath: //button[normalize-space()='Continue']]
2023-12-19 04:12:666 INFO  ResultPage :41 - Verifying the result: [[ChromeDriver: chrome on windows (d7c2c8418c8f1900dddfc127487b9654)] -> xpath: //h2[contains(text(),'You’ll need a visa to join your family or partner ')]]
2023-12-19 10:12:782 INFO  StartPage :21 - Clicking on start button : [[ChromeDriver: chrome on windows (74c6ac1b78558198095cdfbf8dc9307d)] -> css selector: .gem-c-button.govuk-button.govuk-button--start]
2023-12-19 10:12:858 INFO  StartPage :21 - Clicking on start button : [[ChromeDriver: chrome on windows (d3d38250668671c766deb3f53a48556e)] -> css selector: .gem-c-button.govuk-button.govuk-button--start]
2023-12-19 10:12:959 INFO  SelectNationalityPage :24 - select nationality : Australiafrom drop down menu[[ChromeDriver: chrome on windows (d3d38250668671c766deb3f53a48556e)] -> id: response]
2023-12-19 10:12:241 INFO  SelectNationalityPage :29 - Clicking on continue button : [[ChromeDriver: chrome on windows (d3d38250668671c766deb3f53a48556e)] -> xpath: (//button[normalize-space()='Continue'])[1]]
2023-12-19 10:12:405 INFO  ReasonForTravelPage :33 - Clicking on reason : [[ChromeDriver: chrome on windows (d3d38250668671c766deb3f53a48556e)] -> id: response-0]
2023-12-19 10:12:663 INFO  ReasonForTravelPage :38 - Clicking on continue Button : [[ChromeDriver: chrome on windows (d3d38250668671c766deb3f53a48556e)] -> xpath: //button[normalize-space()='Continue']]
2023-12-19 10:12:729 INFO  ResultPage :28 - Verifying the text: [[ChromeDriver: chrome on windows (d3d38250668671c766deb3f53a48556e)] -> xpath: //h2[normalize-space()='You will not need a visa to come to the UK']]
2023-12-19 10:12:827 INFO  StartPage :21 - Clicking on start button : [[ChromeDriver: chrome on windows (ec83c673e276fb50e090bf45ca86c7de)] -> css selector: .gem-c-button.govuk-button.govuk-button--start]
2023-12-19 10:12:954 INFO  SelectNationalityPage :24 - select nationality : Chilefrom drop down menu[[ChromeDriver: chrome on windows (ec83c673e276fb50e090bf45ca86c7de)] -> id: response]
2023-12-19 10:12:156 INFO  SelectNationalityPage :29 - Clicking on continue button : [[ChromeDriver: chrome on windows (ec83c673e276fb50e090bf45ca86c7de)] -> xpath: (//button[normalize-space()='Continue'])[1]]
2023-12-19 10:12:353 INFO  ReasonForTravelPage :43 - Clicking on reason : [[ChromeDriver: chrome on windows (ec83c673e276fb50e090bf45ca86c7de)] -> id: response-1]
2023-12-19 10:12:624 INFO  ReasonForTravelPage :38 - Clicking on continue Button : [[ChromeDriver: chrome on windows (ec83c673e276fb50e090bf45ca86c7de)] -> xpath: //button[normalize-space()='Continue']]
2023-12-19 10:12:771 INFO  DurationOfStayPage :23 - Clicking on duration : [[ChromeDriver: chrome on windows (ec83c673e276fb50e090bf45ca86c7de)] -> id: response-1]
2023-12-19 10:12:06 INFO  DurationOfStayPage :28 - Clicking on continue Button : [[ChromeDriver: chrome on windows (ec83c673e276fb50e090bf45ca86c7de)] -> xpath: //button[normalize-space()='Continue']]
2023-12-19 10:12:158 INFO  WorkTypePage :24 - Clicking on work : [[ChromeDriver: chrome on windows (ec83c673e276fb50e090bf45ca86c7de)] -> id: response-0]
2023-12-19 10:12:365 INFO  WorkTypePage :29 - Clicking on continue button : [[ChromeDriver: chrome on windows (ec83c673e276fb50e090bf45ca86c7de)] -> xpath: //button[normalize-space()='Continue']]
2023-12-19 10:12:452 INFO  ResultPage :34 - Verifying the result: [[ChromeDriver: chrome on windows (ec83c673e276fb50e090bf45ca86c7de)] -> xpath: //h2[normalize-space()='You need a visa to work in health and care']]
2023-12-19 10:12:385 INFO  StartPage :21 - Clicking on start button : [[ChromeDriver: chrome on windows (39c122df5eec0e418c487e6c5b6351e9)] -> css selector: .gem-c-button.govuk-button.govuk-button--start]
2023-12-19 10:12:501 INFO  SelectNationalityPage :24 - select nationality : Cambodiafrom drop down menu[[ChromeDriver: chrome on windows (39c122df5eec0e418c487e6c5b6351e9)] -> id: response]
2023-12-19 10:12:726 INFO  SelectNationalityPage :29 - Clicking on continue button : [[ChromeDriver: chrome on windows (39c122df5eec0e418c487e6c5b6351e9)] -> xpath: (//button[normalize-space()='Continue'])[1]]
2023-12-19 10:12:916 INFO  ReasonForTravelPage :49 - Clicking on reason : [[ChromeDriver: chrome on windows (39c122df5eec0e418c487e6c5b6351e9)] -> id: response-4]
2023-12-19 10:12:141 INFO  ReasonForTravelPage :38 - Clicking on continue Button : [[ChromeDriver: chrome on windows (39c122df5eec0e418c487e6c5b6351e9)] -> xpath: //button[normalize-space()='Continue']]
2023-12-19 10:12:322 INFO  FamilyImmigrationStatusPage :23 - Clicking on yes : [[ChromeDriver: chrome on windows (39c122df5eec0e418c487e6c5b6351e9)] -> id: response-0]
2023-12-19 10:12:578 INFO  FamilyImmigrationStatusPage :28 - Clicking on continue button : [[ChromeDriver: chrome on windows (39c122df5eec0e418c487e6c5b6351e9)] -> xpath: //button[normalize-space()='Continue']]
2023-12-19 10:12:627 INFO  ResultPage :41 - Verifying the result: [[ChromeDriver: chrome on windows (39c122df5eec0e418c487e6c5b6351e9)] -> xpath: //h2[contains(text(),'You’ll need a visa to join your family or partner ')]]
2023-12-19 10:12:186 INFO  StartPage :21 - Clicking on start button : [[ChromeDriver: chrome on windows (d66c48b635d55e4e770cacdf682a1ed2)] -> css selector: .gem-c-button.govuk-button.govuk-button--start]
2023-12-19 10:12:272 INFO  StartPage :21 - Clicking on start button : [[ChromeDriver: chrome on windows (97b3e619829cb671d61258c79d317768)] -> css selector: .gem-c-button.govuk-button.govuk-button--start]
2023-12-19 10:12:376 INFO  SelectNationalityPage :24 - select nationality : Australiafrom drop down menu[[ChromeDriver: chrome on windows (97b3e619829cb671d61258c79d317768)] -> id: response]
2023-12-19 10:12:623 INFO  SelectNationalityPage :29 - Clicking on continue button : [[ChromeDriver: chrome on windows (97b3e619829cb671d61258c79d317768)] -> xpath: (//button[normalize-space()='Continue'])[1]]
2023-12-19 10:12:781 INFO  ReasonForTravelPage :33 - Clicking on reason : [[ChromeDriver: chrome on windows (97b3e619829cb671d61258c79d317768)] -> id: response-0]
2023-12-19 10:12:115 INFO  ReasonForTravelPage :38 - Clicking on continue Button : [[ChromeDriver: chrome on windows (97b3e619829cb671d61258c79d317768)] -> xpath: //button[normalize-space()='Continue']]
2023-12-19 10:12:159 INFO  ResultPage :28 - Verifying the text: [[ChromeDriver: chrome on windows (97b3e619829cb671d61258c79d317768)] -> xpath: //h2[normalize-space()='You will not need a visa to come to the UK']]
2023-12-19 10:12:65 INFO  StartPage :21 - Clicking on start button : [[ChromeDriver: chrome on windows (5f485ed4a3b0435e4b49e0b2e796d58a)] -> css selector: .gem-c-button.govuk-button.govuk-button--start]
2023-12-19 10:12:99 INFO  StartPage :21 - Clicking on start button : [[ChromeDriver: chrome on windows (95d6d27ab4a2c8dccd7bb69cb0a057bf)] -> css selector: .gem-c-button.govuk-button.govuk-button--start]
2023-12-19 10:12:211 INFO  SelectNationalityPage :24 - select nationality : Australiafrom drop down menu[[ChromeDriver: chrome on windows (95d6d27ab4a2c8dccd7bb69cb0a057bf)] -> id: response]
2023-12-19 10:12:481 INFO  SelectNationalityPage :29 - Clicking on continue button : [[ChromeDriver: chrome on windows (95d6d27ab4a2c8dccd7bb69cb0a057bf)] -> xpath: (//button[normalize-space()='Continue'])[1]]
2023-12-19 10:12:723 INFO  ReasonForTravelPage :33 - Clicking on reason : [[ChromeDriver: chrome on windows (95d6d27ab4a2c8dccd7bb69cb0a057bf)] -> id: response-0]
2023-12-19 10:12:154 INFO  ReasonForTravelPage :38 - Clicking on continue Button : [[ChromeDriver: chrome on windows (95d6d27ab4a2c8dccd7bb69cb0a057bf)] -> xpath: //button[normalize-space()='Continue']]
2023-12-19 10:12:196 INFO  ResultPage :28 - Verifying the text: [[ChromeDriver: chrome on windows (95d6d27ab4a2c8dccd7bb69cb0a057bf)] -> xpath: //h2[normalize-space()='You will not need a visa to come to the UK']]
2023-12-19 10:12:176 INFO  StartPage :21 - Clicking on start button : [[ChromeDriver: chrome on windows (a4aaecbeaf4660104a2ca928aee82a80)] -> css selector: .gem-c-button.govuk-button.govuk-button--start]
2023-12-19 10:12:265 INFO  SelectNationalityPage :24 - select nationality : Chilefrom drop down menu[[ChromeDriver: chrome on windows (a4aaecbeaf4660104a2ca928aee82a80)] -> id: response]
2023-12-19 10:12:495 INFO  SelectNationalityPage :29 - Clicking on continue button : [[ChromeDriver: chrome on windows (a4aaecbeaf4660104a2ca928aee82a80)] -> xpath: (//button[normalize-space()='Continue'])[1]]
2023-12-19 10:12:709 INFO  ReasonForTravelPage :43 - Clicking on reason : [[ChromeDriver: chrome on windows (a4aaecbeaf4660104a2ca928aee82a80)] -> id: response-1]
2023-12-19 10:12:949 INFO  ReasonForTravelPage :38 - Clicking on continue Button : [[ChromeDriver: chrome on windows (a4aaecbeaf4660104a2ca928aee82a80)] -> xpath: //button[normalize-space()='Continue']]
2023-12-19 10:12:123 INFO  DurationOfStayPage :23 - Clicking on duration : [[ChromeDriver: chrome on windows (a4aaecbeaf4660104a2ca928aee82a80)] -> id: response-1]
2023-12-19 10:12:376 INFO  DurationOfStayPage :28 - Clicking on continue Button : [[ChromeDriver: chrome on windows (a4aaecbeaf4660104a2ca928aee82a80)] -> xpath: //button[normalize-space()='Continue']]
2023-12-19 10:12:524 INFO  WorkTypePage :24 - Clicking on work : [[ChromeDriver: chrome on windows (a4aaecbeaf4660104a2ca928aee82a80)] -> id: response-0]
2023-12-19 10:12:792 INFO  WorkTypePage :29 - Clicking on continue button : [[ChromeDriver: chrome on windows (a4aaecbeaf4660104a2ca928aee82a80)] -> xpath: //button[normalize-space()='Continue']]
2023-12-19 10:12:877 INFO  ResultPage :34 - Verifying the result: [[ChromeDriver: chrome on windows (a4aaecbeaf4660104a2ca928aee82a80)] -> xpath: //h2[normalize-space()='You need a visa to work in health and care']]
